0 info it worked if it ends with ok
1 verbose cli [ '/Users/julianfeliciano/.nvm/versions/node/v5.5.0/bin/node',
1 verbose cli   '/Users/julianfeliciano/.nvm/versions/node/v5.5.0/bin/npm',
1 verbose cli   'start' ]
2 info using npm@3.3.12
3 info using node@v5.5.0
4 verbose run-script [ 'prestart', 'start', 'poststart' ]
5 info lifecycle react-boilerplate@2.5.6~prestart: react-boilerplate@2.5.6
6 silly lifecycle react-boilerplate@2.5.6~prestart: no script for prestart, continuing
7 info lifecycle react-boilerplate@2.5.6~start: react-boilerplate@2.5.6
8 verbose lifecycle react-boilerplate@2.5.6~start: unsafe-perm in lifecycle true
9 verbose lifecycle react-boilerplate@2.5.6~start: PATH: /Users/julianfeliciano/.nvm/versions/node/v5.5.0/lib/node_modules/npm/bin/node-gyp-bin:/Users/julianfeliciano/Dropbox/Development/projects/javascript/React/kanban-app/node_modules/.bin:/Users/julianfeliciano/.nvm/versions/node/v5.5.0/bin:/Users/julianfeliciano/.rvm/gems/ruby-2.2.2/bin:/Users/julianfeliciano/.rvm/gems/ruby-2.2.2@global/bin:/Users/julianfeliciano/.rvm/rubies/ruby-2.2.2/bin:/usr/local/share/npm/bin:/Users/julianfeliciano/bin:/Applications/Postgres.app/Contents/Versions/9.3/bin:/usr/local/bin:/usr/bin:/bin:/usr/sbin:/sbin:/usr/local/git/bin:/Users/julianfeliciano/.rvm/bin
10 verbose lifecycle react-boilerplate@2.5.6~start: CWD: /Users/julianfeliciano/Dropbox/Development/projects/javascript/React/kanban-app
11 silly lifecycle react-boilerplate@2.5.6~start: Args: [ '-c', 'webpack-dev-server' ]
12 silly lifecycle react-boilerplate@2.5.6~start: Returned: code: 1  signal: null
13 info lifecycle react-boilerplate@2.5.6~start: Failed to exec start script
14 verbose stack Error: react-boilerplate@2.5.6 start: `webpack-dev-server`
14 verbose stack Exit status 1
14 verbose stack     at EventEmitter.<anonymous> (/Users/julianfeliciano/.nvm/versions/node/v5.5.0/lib/node_modules/npm/lib/utils/lifecycle.js:232:16)
14 verbose stack     at emitTwo (events.js:100:13)
14 verbose stack     at EventEmitter.emit (events.js:185:7)
14 verbose stack     at ChildProcess.<anonymous> (/Users/julianfeliciano/.nvm/versions/node/v5.5.0/lib/node_modules/npm/lib/utils/spawn.js:24:14)
14 verbose stack     at emitTwo (events.js:100:13)
14 verbose stack     at ChildProcess.emit (events.js:185:7)
14 verbose stack     at maybeClose (internal/child_process.js:821:16)
14 verbose stack     at Process.ChildProcess._handle.onexit (internal/child_process.js:211:5)
15 verbose pkgid react-boilerplate@2.5.6
16 verbose cwd /Users/julianfeliciano/Dropbox/Development/projects/javascript/React/kanban-app
17 error Darwin 15.5.0
18 error argv "/Users/julianfeliciano/.nvm/versions/node/v5.5.0/bin/node" "/Users/julianfeliciano/.nvm/versions/node/v5.5.0/bin/npm" "start"
19 error node v5.5.0
20 error npm  v3.3.12
21 error code ELIFECYCLE
22 error react-boilerplate@2.5.6 start: `webpack-dev-server`
22 error Exit status 1
23 error Failed at the react-boilerplate@2.5.6 start script 'webpack-dev-server'.
23 error Make sure you have the latest version of node.js and npm installed.
23 error If you do, this is most likely a problem with the react-boilerplate package,
23 error not with npm itself.
23 error Tell the author that this fails on your system:
23 error     webpack-dev-server
23 error You can get their info via:
23 error     npm owner ls react-boilerplate
23 error There is likely additional logging output above.
24 verbose exit [ 1, true ]
